<?xml version="1.0" encoding="UTF-8"?>
<!-- Generated by org.testng.reporters.JUnitReportReporter -->
<testsuite hostname="DESKTOP-NA5V5G2" failures="0" tests="1" name="test.AddCustomerTest" time="6.602" errors="0" timestamp="2023-05-09T14:20:23 CDT" skipped="0">
  <testcase classname="test.AddCustomerTest" name="userShouldBeAbleToAddCustomer" time="6.602"/>
  <system-out/>
</testsuite> <!-- test.AddCustomerTest -->
