<?xml version="1.0" encoding="UTF-8"?>
<!-- Generated by org.testng.reporters.JUnitReportReporter -->
<testsuite hostname="DESKTOP-NA5V5G2" failures="0" tests="1" name="test.LoginTest" time="5.456" errors="0" timestamp="2023-05-09T06:49:44 CDT" skipped="0">
  <testcase classname="test.LoginTest" name="userShouldBeAbleToLogin" time="5.456"/>
  <system-out/>
</testsuite> <!-- test.LoginTest -->
