<?xml version="1.0" encoding="UTF-8"?>
<!-- Generated by org.testng.reporters.JUnitReportReporter -->
<testsuite hostname="DESKTOP-NA5V5G2" failures="0" tests="1" name="util.BrowserFactory" time="4.450" errors="0" timestamp="2023-05-08T16:05:13 CDT" skipped="0">
  <testcase classname="util.BrowserFactory" name="init" time="4.450"/>
  <system-out/>
</testsuite> <!-- util.BrowserFactory -->
